<?xml version="1.0" encoding="UTF-8"?>
<!-- Generated by org.testng.reporters.JUnitXMLReporter -->
<testsuite hostname="DESKTOP-P7KCEMN" ignored="0" name="add_customers" tests="2" failures="1" timestamp="31 May 2021 15:33:40 GMT" time="24.302" errors="0">
  <testcase name="login_case" time="1.775" classname="testcases.Add_customer"/>
  <testcase name="add_new_customers" time="22.286" classname="testcases.Add_customer">
    <failure type="java.lang.AssertionError" message="The name is not matching expected [basker1] but found [basker]">
      <![CDATA[java.lang.AssertionError: The name is not matching expected [basker1] but found [basker]
at pages.Add_customer_list.verify_the_user(Add_customer_list.java:40)
at testcases.Add_customer.add_new_customers(Add_customer.java:35)
... Removed 30 stack frames]]>
    </failure>
  </testcase> <!-- add_new_customers -->
</testsuite> <!-- add_customers -->
