<?xml version="1.0" encoding="UTF-8"?>
<testng-results skipped="0" failed="1" ignored="0" total="2" passed="1">
  <reporter-output>
  </reporter-output>
  <suite name="CRM" duration-ms="24298" started-at="2021-05-31T15:36:56Z" finished-at="2021-05-31T15:37:20Z">
    <groups>
    </groups>
    <test name="add_customers" duration-ms="24298" started-at="2021-05-31T15:36:56Z" finished-at="2021-05-31T15:37:20Z">
      <class name="testcases.Add_customer">
        <test-method status="PASS" signature="browsers()[pri:0, instance:testcases.Add_customer@4f638935]" name="browsers" is-config="true" duration-ms="5244" started-at="2021-05-31T15:36:51Z" finished-at="2021-05-31T15:36:56Z">
          <reporter-output>
          </reporter-output>
        </test-method> <!-- browsers -->
        <test-method status="PASS" signature="login_case()[pri:0, instance:testcases.Add_customer@4f638935]" name="login_case" duration-ms="1867" started-at="2021-05-31T15:36:56Z" finished-at="2021-05-31T15:36:58Z">
          <reporter-output>
          </reporter-output>
        </test-method> <!-- login_case -->
        <test-method status="FAIL" signature="add_new_customers()[pri:1, instance:testcases.Add_customer@4f638935]" name="add_new_customers" duration-ms="22192" started-at="2021-05-31T15:36:58Z" finished-at="2021-05-31T15:37:20Z">
          <exception class="java.lang.AssertionError">
            <message>
              <![CDATA[The name is not matching expected [basker1] but found [basker]]]>
            </message>
            <full-stacktrace>
              <![CDATA[java.lang.AssertionError: The name is not matching expected [basker1] but found [basker]
at org.testng.Assert.fail(Assert.java:96)
at org.testng.Assert.failNotEquals(Assert.java:776)
at org.testng.Assert.assertEqualsImpl(Assert.java:137)
at org.testng.Assert.assertEquals(Assert.java:118)
at org.testng.Assert.assertEquals(Assert.java:453)
at pages.Add_customer_list.verify_the_user(Add_customer_list.java:40)
at testcases.Add_customer.add_new_customers(Add_customer.java:35)
at sun.reflect.NativeMethodAccessorImpl.invoke0(Native Method)
at sun.reflect.NativeMethodAccessorImpl.invoke(NativeMethodAccessorImpl.java:62)
at sun.reflect.DelegatingMethodAccessorImpl.invoke(DelegatingMethodAccessorImpl.java:43)
at java.lang.reflect.Method.invoke(Method.java:498)
at org.testng.internal.MethodInvocationHelper.invokeMethod(MethodInvocationHelper.java:124)
at org.testng.internal.Invoker.invokeMethod(Invoker.java:583)
at org.testng.internal.Invoker.invokeTestMethod(Invoker.java:719)
at org.testng.internal.Invoker.invokeTestMethods(Invoker.java:989)
at org.testng.internal.TestMethodWorker.invokeTestMethods(TestMethodWorker.java:125)
at org.testng.internal.TestMethodWorker.run(TestMethodWorker.java:109)
at org.testng.TestRunner.privateRun(TestRunner.java:648)
at org.testng.TestRunner.run(TestRunner.java:505)
at org.testng.SuiteRunner.runTest(SuiteRunner.java:455)
at org.testng.SuiteRunner.runSequentially(SuiteRunner.java:450)
at org.testng.SuiteRunner.privateRun(SuiteRunner.java:415)
at org.testng.SuiteRunner.run(SuiteRunner.java:364)
at org.testng.SuiteRunnerWorker.runSuite(SuiteRunnerWorker.java:52)
at org.testng.SuiteRunnerWorker.run(SuiteRunnerWorker.java:84)
at org.testng.TestNG.runSuitesSequentially(TestNG.java:1208)
at org.testng.TestNG.runSuitesLocally(TestNG.java:1137)
at org.testng.TestNG.runSuites(TestNG.java:1049)
at org.testng.TestNG.run(TestNG.java:1017)
at org.testng.remote.AbstractRemoteTestNG.run(AbstractRemoteTestNG.java:115)
at org.testng.remote.RemoteTestNG.initAndRun(RemoteTestNG.java:251)
at org.testng.remote.RemoteTestNG.main(RemoteTestNG.java:77)
]]>
            </full-stacktrace>
          </exception> <!-- java.lang.AssertionError -->
          <reporter-output>
          </reporter-output>
        </test-method> <!-- add_new_customers -->
        <test-method status="PASS" signature="closebrowser()[pri:0, instance:testcases.Add_customer@4f638935]" name="closebrowser" is-config="true" duration-ms="10476" started-at="2021-05-31T15:37:20Z" finished-at="2021-05-31T15:37:31Z">
          <reporter-output>
          </reporter-output>
        </test-method> <!-- closebrowser -->
      </class> <!-- testcases.Add_customer -->
    </test> <!-- add_customers -->
  </suite> <!-- CRM -->
</testng-results>
